Vivado Simulator v2024.1.1
Copyright 1986-2022 Xilinx, Inc. All Rights Reserved.
Copyright 2022-2024 Advanced Micro Devices, Inc. All Rights Reserved.
Running: /home/jscha/software/xilinx/Vivado/2024.1/bin/unwrapped/lnx64.o/xelab --incr --debug typical --relax --mt 8 -L xil_defaultlib -L secureip --snapshot tb_multiplier_behav xil_defaultlib.tb_multiplier -log elaborate.log 
Using 8 slave threads.
Starting static elaboration
Completed static elaboration
Starting simulation data flow analysis
Completed simulation data flow analysis
Time Resolution for simulation is 1ps
Compiling package std.standard
Compiling package std.textio
Compiling package ieee.std_logic_1164
Compiling package ieee.numeric_bit
Compiling architecture dataflow of entity xil_defaultlib.adder_def [adder_def_default]
Compiling architecture dataflow of entity xil_defaultlib.multiplier_def [\multiplier_def(n=4)\]
Compiling architecture dataflow of entity xil_defaultlib.adder_def [\adder_def(n=16)\]
Compiling architecture dataflow of entity xil_defaultlib.multiplier_def [multiplier_def_default]
Compiling architecture dataflow of entity xil_defaultlib.multiplier [multiplier_default_uniq_0]
Compiling architecture behavioral of entity xil_defaultlib.multiplier [multiplier_default_uniq_1]
Compiling architecture behavioral of entity xil_defaultlib.tb_multiplier
Built simulation snapshot tb_multiplier_behav
