
*** Running vivado
    with args -log tb_multiplier.vds -m64 -product Vivado -mode batch -messageDb vivado.pb -notrace -source tb_multiplier.tcl


****** Vivado v2024.1.1 (64-bit)
  **** SW Build 5094488 on Fri Jun 14 08:57:50 MDT 2024
  **** IP Build 5091682 on Fri Jun 14 16:55:04 MDT 2024
  **** SharedData Build 5094118 on Fri Jun 14 01:09:43 MDT 2024
  **** Start of session at: Sun Jan  5 14:35:42 2025
    ** Copyright 1986-2022 Xilinx, Inc. All Rights Reserved.
    ** Copyright 2022-2024 Advanced Micro Devices, Inc. All Rights Reserved.

source tb_multiplier.tcl -notrace
Command: read_checkpoint -auto_incremental -incremental /home/jscha/nextcloud/msei/ws24/esdml/labs/lab3-multiplier/vivado-mul/vivado-mul.srcs/utils_1/imports/synth_1/multiplier.dcp
INFO: [Vivado 12-5825] Read reference checkpoint from /home/jscha/nextcloud/msei/ws24/esdml/labs/lab3-multiplier/vivado-mul/vivado-mul.srcs/utils_1/imports/synth_1/multiplier.dcp for incremental synthesis
INFO: [Vivado 12-7989] Please ensure there are no constraint changes
Command: synth_design -top tb_multiplier -part xc7k70tfbv676-1
Starting synth_design
Attempting to get a license for feature 'Synthesis' and/or device 'xc7k70t'
INFO: [Common 17-349] Got license for feature 'Synthesis' and/or device 'xc7k70t'
INFO: [Designutils 20-5440] No compile time benefit to using incremental synthesis; A full resynthesis will be run
INFO: [Designutils 20-4379] Flow is switching to default flow due to incremental criteria not met. If you would like to alter this behaviour and have the flow terminate instead, please set the following parameter config_implementation {autoIncr.Synth.RejectBehavior Terminate}
INFO: [Synth 8-7079] Multithreading enabled for synth_design using a maximum of 4 processes.
INFO: [Synth 8-7078] Launching helper process for spawning children vivado processes
INFO: [Synth 8-7075] Helper process launched with PID 115140
---------------------------------------------------------------------------------
Starting Synthesize : Time (s): cpu = 00:00:03 ; elapsed = 00:00:03 . Memory (MB): peak = 1817.492 ; gain = 391.777 ; free physical = 745 ; free virtual = 16292
---------------------------------------------------------------------------------
INFO: [Synth 8-638] synthesizing module 'tb_multiplier' [/home/jscha/nextcloud/msei/ws24/esdml/labs/lab3-multiplier/vivado-mul/vivado-mul.srcs/sources_1/new/tb_multiplier.vhd:10]
INFO: [Synth 8-638] synthesizing module 'multiplier_dataflow' [/home/jscha/nextcloud/msei/ws24/esdml/labs/lab3-multiplier/vivado-mul/vivado-mul.srcs/sources_1/new/multiplier.vhd:108]
	Parameter N bound to: 8 - type: integer 
	Parameter N bound to: 16 - type: integer 
INFO: [Synth 8-3491] module 'adder' declared at '/home/jscha/nextcloud/msei/ws24/esdml/labs/lab3-multiplier/vivado-mul/vivado-mul.srcs/sources_1/new/adder.vhd:34' bound to instance 'adder_inst' of component 'adder' [/home/jscha/nextcloud/msei/ws24/esdml/labs/lab3-multiplier/vivado-mul/vivado-mul.srcs/sources_1/new/multiplier.vhd:135]
INFO: [Synth 8-638] synthesizing module 'adder' [/home/jscha/nextcloud/msei/ws24/esdml/labs/lab3-multiplier/vivado-mul/vivado-mul.srcs/sources_1/new/adder.vhd:43]
	Parameter N bound to: 16 - type: integer 
INFO: [Synth 8-256] done synthesizing module 'adder' (0#1) [/home/jscha/nextcloud/msei/ws24/esdml/labs/lab3-multiplier/vivado-mul/vivado-mul.srcs/sources_1/new/adder.vhd:43]
	Parameter N bound to: 16 - type: integer 
INFO: [Synth 8-3491] module 'adder' declared at '/home/jscha/nextcloud/msei/ws24/esdml/labs/lab3-multiplier/vivado-mul/vivado-mul.srcs/sources_1/new/adder.vhd:34' bound to instance 'adder_inst' of component 'adder' [/home/jscha/nextcloud/msei/ws24/esdml/labs/lab3-multiplier/vivado-mul/vivado-mul.srcs/sources_1/new/multiplier.vhd:135]
	Parameter N bound to: 16 - type: integer 
INFO: [Synth 8-3491] module 'adder' declared at '/home/jscha/nextcloud/msei/ws24/esdml/labs/lab3-multiplier/vivado-mul/vivado-mul.srcs/sources_1/new/adder.vhd:34' bound to instance 'adder_inst' of component 'adder' [/home/jscha/nextcloud/msei/ws24/esdml/labs/lab3-multiplier/vivado-mul/vivado-mul.srcs/sources_1/new/multiplier.vhd:135]
	Parameter N bound to: 16 - type: integer 
INFO: [Synth 8-3491] module 'adder' declared at '/home/jscha/nextcloud/msei/ws24/esdml/labs/lab3-multiplier/vivado-mul/vivado-mul.srcs/sources_1/new/adder.vhd:34' bound to instance 'adder_inst' of component 'adder' [/home/jscha/nextcloud/msei/ws24/esdml/labs/lab3-multiplier/vivado-mul/vivado-mul.srcs/sources_1/new/multiplier.vhd:135]
	Parameter N bound to: 16 - type: integer 
INFO: [Synth 8-3491] module 'adder' declared at '/home/jscha/nextcloud/msei/ws24/esdml/labs/lab3-multiplier/vivado-mul/vivado-mul.srcs/sources_1/new/adder.vhd:34' bound to instance 'adder_inst' of component 'adder' [/home/jscha/nextcloud/msei/ws24/esdml/labs/lab3-multiplier/vivado-mul/vivado-mul.srcs/sources_1/new/multiplier.vhd:135]
	Parameter N bound to: 16 - type: integer 
INFO: [Synth 8-3491] module 'adder' declared at '/home/jscha/nextcloud/msei/ws24/esdml/labs/lab3-multiplier/vivado-mul/vivado-mul.srcs/sources_1/new/adder.vhd:34' bound to instance 'adder_inst' of component 'adder' [/home/jscha/nextcloud/msei/ws24/esdml/labs/lab3-multiplier/vivado-mul/vivado-mul.srcs/sources_1/new/multiplier.vhd:135]
	Parameter N bound to: 16 - type: integer 
INFO: [Synth 8-3491] module 'adder' declared at '/home/jscha/nextcloud/msei/ws24/esdml/labs/lab3-multiplier/vivado-mul/vivado-mul.srcs/sources_1/new/adder.vhd:34' bound to instance 'adder_inst' of component 'adder' [/home/jscha/nextcloud/msei/ws24/esdml/labs/lab3-multiplier/vivado-mul/vivado-mul.srcs/sources_1/new/multiplier.vhd:135]
	Parameter N bound to: 16 - type: integer 
INFO: [Synth 8-3491] module 'adder' declared at '/home/jscha/nextcloud/msei/ws24/esdml/labs/lab3-multiplier/vivado-mul/vivado-mul.srcs/sources_1/new/adder.vhd:34' bound to instance 'adder_inst' of component 'adder' [/home/jscha/nextcloud/msei/ws24/esdml/labs/lab3-multiplier/vivado-mul/vivado-mul.srcs/sources_1/new/multiplier.vhd:135]
INFO: [Synth 8-256] done synthesizing module 'multiplier_dataflow' (0#1) [/home/jscha/nextcloud/msei/ws24/esdml/labs/lab3-multiplier/vivado-mul/vivado-mul.srcs/sources_1/new/multiplier.vhd:108]
INFO: [Synth 8-638] synthesizing module 'multiplier_behavioral' [/home/jscha/nextcloud/msei/ws24/esdml/labs/lab3-multiplier/vivado-mul/vivado-mul.srcs/sources_1/new/multiplier.vhd:150]
	Parameter N bound to: 8 - type: integer 
INFO: [Synth 8-256] done synthesizing module 'multiplier_behavioral' (0#1) [/home/jscha/nextcloud/msei/ws24/esdml/labs/lab3-multiplier/vivado-mul/vivado-mul.srcs/sources_1/new/multiplier.vhd:150]
WARNING: [Synth 8-312] ignoring unsynthesizable construct: wait statement with no conditon [/home/jscha/nextcloud/msei/ws24/esdml/labs/lab3-multiplier/vivado-mul/vivado-mul.srcs/sources_1/new/tb_multiplier.vhd:40]
WARNING: [Synth 8-312] ignoring unsynthesizable construct: wait statement with no conditon [/home/jscha/nextcloud/msei/ws24/esdml/labs/lab3-multiplier/vivado-mul/vivado-mul.srcs/sources_1/new/tb_multiplier.vhd:40]
WARNING: [Synth 8-312] ignoring unsynthesizable construct: wait statement with no conditon [/home/jscha/nextcloud/msei/ws24/esdml/labs/lab3-multiplier/vivado-mul/vivado-mul.srcs/sources_1/new/tb_multiplier.vhd:40]
WARNING: [Synth 8-312] ignoring unsynthesizable construct: wait statement with no conditon [/home/jscha/nextcloud/msei/ws24/esdml/labs/lab3-multiplier/vivado-mul/vivado-mul.srcs/sources_1/new/tb_multiplier.vhd:40]
WARNING: [Synth 8-312] ignoring unsynthesizable construct: wait statement with no conditon [/home/jscha/nextcloud/msei/ws24/esdml/labs/lab3-multiplier/vivado-mul/vivado-mul.srcs/sources_1/new/tb_multiplier.vhd:40]
WARNING: [Synth 8-312] ignoring unsynthesizable construct: wait statement with no conditon [/home/jscha/nextcloud/msei/ws24/esdml/labs/lab3-multiplier/vivado-mul/vivado-mul.srcs/sources_1/new/tb_multiplier.vhd:40]
WARNING: [Synth 8-312] ignoring unsynthesizable construct: wait statement with no conditon [/home/jscha/nextcloud/msei/ws24/esdml/labs/lab3-multiplier/vivado-mul/vivado-mul.srcs/sources_1/new/tb_multiplier.vhd:40]
WARNING: [Synth 8-312] ignoring unsynthesizable construct: wait statement with no conditon [/home/jscha/nextcloud/msei/ws24/esdml/labs/lab3-multiplier/vivado-mul/vivado-mul.srcs/sources_1/new/tb_multiplier.vhd:40]
WARNING: [Synth 8-312] ignoring unsynthesizable construct: wait statement with no conditon [/home/jscha/nextcloud/msei/ws24/esdml/labs/lab3-multiplier/vivado-mul/vivado-mul.srcs/sources_1/new/tb_multiplier.vhd:40]
WARNING: [Synth 8-312] ignoring unsynthesizable construct: wait statement with no conditon [/home/jscha/nextcloud/msei/ws24/esdml/labs/lab3-multiplier/vivado-mul/vivado-mul.srcs/sources_1/new/tb_multiplier.vhd:40]
WARNING: [Synth 8-312] ignoring unsynthesizable construct: wait statement with no conditon [/home/jscha/nextcloud/msei/ws24/esdml/labs/lab3-multiplier/vivado-mul/vivado-mul.srcs/sources_1/new/tb_multiplier.vhd:40]
WARNING: [Synth 8-312] ignoring unsynthesizable construct: wait statement with no conditon [/home/jscha/nextcloud/msei/ws24/esdml/labs/lab3-multiplier/vivado-mul/vivado-mul.srcs/sources_1/new/tb_multiplier.vhd:40]
WARNING: [Synth 8-312] ignoring unsynthesizable construct: wait statement with no conditon [/home/jscha/nextcloud/msei/ws24/esdml/labs/lab3-multiplier/vivado-mul/vivado-mul.srcs/sources_1/new/tb_multiplier.vhd:40]
WARNING: [Synth 8-312] ignoring unsynthesizable construct: wait statement with no conditon [/home/jscha/nextcloud/msei/ws24/esdml/labs/lab3-multiplier/vivado-mul/vivado-mul.srcs/sources_1/new/tb_multiplier.vhd:40]
WARNING: [Synth 8-312] ignoring unsynthesizable construct: wait statement with no conditon [/home/jscha/nextcloud/msei/ws24/esdml/labs/lab3-multiplier/vivado-mul/vivado-mul.srcs/sources_1/new/tb_multiplier.vhd:40]
WARNING: [Synth 8-312] ignoring unsynthesizable construct: wait statement with no conditon [/home/jscha/nextcloud/msei/ws24/esdml/labs/lab3-multiplier/vivado-mul/vivado-mul.srcs/sources_1/new/tb_multiplier.vhd:40]
WARNING: [Synth 8-312] ignoring unsynthesizable construct: wait statement with no conditon [/home/jscha/nextcloud/msei/ws24/esdml/labs/lab3-multiplier/vivado-mul/vivado-mul.srcs/sources_1/new/tb_multiplier.vhd:40]
WARNING: [Synth 8-312] ignoring unsynthesizable construct: wait statement with no conditon [/home/jscha/nextcloud/msei/ws24/esdml/labs/lab3-multiplier/vivado-mul/vivado-mul.srcs/sources_1/new/tb_multiplier.vhd:40]
WARNING: [Synth 8-312] ignoring unsynthesizable construct: wait statement with no conditon [/home/jscha/nextcloud/msei/ws24/esdml/labs/lab3-multiplier/vivado-mul/vivado-mul.srcs/sources_1/new/tb_multiplier.vhd:40]
WARNING: [Synth 8-312] ignoring unsynthesizable construct: wait statement with no conditon [/home/jscha/nextcloud/msei/ws24/esdml/labs/lab3-multiplier/vivado-mul/vivado-mul.srcs/sources_1/new/tb_multiplier.vhd:40]
WARNING: [Synth 8-312] ignoring unsynthesizable construct: wait statement with no conditon [/home/jscha/nextcloud/msei/ws24/esdml/labs/lab3-multiplier/vivado-mul/vivado-mul.srcs/sources_1/new/tb_multiplier.vhd:40]
WARNING: [Synth 8-312] ignoring unsynthesizable construct: wait statement with no conditon [/home/jscha/nextcloud/msei/ws24/esdml/labs/lab3-multiplier/vivado-mul/vivado-mul.srcs/sources_1/new/tb_multiplier.vhd:40]
WARNING: [Synth 8-312] ignoring unsynthesizable construct: wait statement with no conditon [/home/jscha/nextcloud/msei/ws24/esdml/labs/lab3-multiplier/vivado-mul/vivado-mul.srcs/sources_1/new/tb_multiplier.vhd:40]
WARNING: [Synth 8-312] ignoring unsynthesizable construct: wait statement with no conditon [/home/jscha/nextcloud/msei/ws24/esdml/labs/lab3-multiplier/vivado-mul/vivado-mul.srcs/sources_1/new/tb_multiplier.vhd:40]
WARNING: [Synth 8-312] ignoring unsynthesizable construct: wait statement with no conditon [/home/jscha/nextcloud/msei/ws24/esdml/labs/lab3-multiplier/vivado-mul/vivado-mul.srcs/sources_1/new/tb_multiplier.vhd:40]
WARNING: [Synth 8-312] ignoring unsynthesizable construct: wait statement with no conditon [/home/jscha/nextcloud/msei/ws24/esdml/labs/lab3-multiplier/vivado-mul/vivado-mul.srcs/sources_1/new/tb_multiplier.vhd:40]
WARNING: [Synth 8-312] ignoring unsynthesizable construct: wait statement with no conditon [/home/jscha/nextcloud/msei/ws24/esdml/labs/lab3-multiplier/vivado-mul/vivado-mul.srcs/sources_1/new/tb_multiplier.vhd:40]
WARNING: [Synth 8-312] ignoring unsynthesizable construct: wait statement with no conditon [/home/jscha/nextcloud/msei/ws24/esdml/labs/lab3-multiplier/vivado-mul/vivado-mul.srcs/sources_1/new/tb_multiplier.vhd:40]
WARNING: [Synth 8-312] ignoring unsynthesizable construct: wait statement with no conditon [/home/jscha/nextcloud/msei/ws24/esdml/labs/lab3-multiplier/vivado-mul/vivado-mul.srcs/sources_1/new/tb_multiplier.vhd:40]
WARNING: [Synth 8-312] ignoring unsynthesizable construct: wait statement with no conditon [/home/jscha/nextcloud/msei/ws24/esdml/labs/lab3-multiplier/vivado-mul/vivado-mul.srcs/sources_1/new/tb_multiplier.vhd:40]
WARNING: [Synth 8-312] ignoring unsynthesizable construct: wait statement with no conditon [/home/jscha/nextcloud/msei/ws24/esdml/labs/lab3-multiplier/vivado-mul/vivado-mul.srcs/sources_1/new/tb_multiplier.vhd:40]
WARNING: [Synth 8-312] ignoring unsynthesizable construct: wait statement with no conditon [/home/jscha/nextcloud/msei/ws24/esdml/labs/lab3-multiplier/vivado-mul/vivado-mul.srcs/sources_1/new/tb_multiplier.vhd:40]
WARNING: [Synth 8-312] ignoring unsynthesizable construct: wait statement with no conditon [/home/jscha/nextcloud/msei/ws24/esdml/labs/lab3-multiplier/vivado-mul/vivado-mul.srcs/sources_1/new/tb_multiplier.vhd:40]
WARNING: [Synth 8-312] ignoring unsynthesizable construct: wait statement with no conditon [/home/jscha/nextcloud/msei/ws24/esdml/labs/lab3-multiplier/vivado-mul/vivado-mul.srcs/sources_1/new/tb_multiplier.vhd:40]
WARNING: [Synth 8-312] ignoring unsynthesizable construct: wait statement with no conditon [/home/jscha/nextcloud/msei/ws24/esdml/labs/lab3-multiplier/vivado-mul/vivado-mul.srcs/sources_1/new/tb_multiplier.vhd:40]
WARNING: [Synth 8-312] ignoring unsynthesizable construct: wait statement with no conditon [/home/jscha/nextcloud/msei/ws24/esdml/labs/lab3-multiplier/vivado-mul/vivado-mul.srcs/sources_1/new/tb_multiplier.vhd:40]
WARNING: [Synth 8-312] ignoring unsynthesizable construct: wait statement with no conditon [/home/jscha/nextcloud/msei/ws24/esdml/labs/lab3-multiplier/vivado-mul/vivado-mul.srcs/sources_1/new/tb_multiplier.vhd:40]
WARNING: [Synth 8-312] ignoring unsynthesizable construct: wait statement with no conditon [/home/jscha/nextcloud/msei/ws24/esdml/labs/lab3-multiplier/vivado-mul/vivado-mul.srcs/sources_1/new/tb_multiplier.vhd:40]
WARNING: [Synth 8-312] ignoring unsynthesizable construct: wait statement with no conditon [/home/jscha/nextcloud/msei/ws24/esdml/labs/lab3-multiplier/vivado-mul/vivado-mul.srcs/sources_1/new/tb_multiplier.vhd:40]
WARNING: [Synth 8-312] ignoring unsynthesizable construct: wait statement with no conditon [/home/jscha/nextcloud/msei/ws24/esdml/labs/lab3-multiplier/vivado-mul/vivado-mul.srcs/sources_1/new/tb_multiplier.vhd:40]
WARNING: [Synth 8-312] ignoring unsynthesizable construct: wait statement with no conditon [/home/jscha/nextcloud/msei/ws24/esdml/labs/lab3-multiplier/vivado-mul/vivado-mul.srcs/sources_1/new/tb_multiplier.vhd:40]
WARNING: [Synth 8-312] ignoring unsynthesizable construct: wait statement with no conditon [/home/jscha/nextcloud/msei/ws24/esdml/labs/lab3-multiplier/vivado-mul/vivado-mul.srcs/sources_1/new/tb_multiplier.vhd:40]
WARNING: [Synth 8-312] ignoring unsynthesizable construct: wait statement with no conditon [/home/jscha/nextcloud/msei/ws24/esdml/labs/lab3-multiplier/vivado-mul/vivado-mul.srcs/sources_1/new/tb_multiplier.vhd:40]
WARNING: [Synth 8-312] ignoring unsynthesizable construct: wait statement with no conditon [/home/jscha/nextcloud/msei/ws24/esdml/labs/lab3-multiplier/vivado-mul/vivado-mul.srcs/sources_1/new/tb_multiplier.vhd:40]
WARNING: [Synth 8-312] ignoring unsynthesizable construct: wait statement with no conditon [/home/jscha/nextcloud/msei/ws24/esdml/labs/lab3-multiplier/vivado-mul/vivado-mul.srcs/sources_1/new/tb_multiplier.vhd:40]
WARNING: [Synth 8-312] ignoring unsynthesizable construct: wait statement with no conditon [/home/jscha/nextcloud/msei/ws24/esdml/labs/lab3-multiplier/vivado-mul/vivado-mul.srcs/sources_1/new/tb_multiplier.vhd:40]
WARNING: [Synth 8-312] ignoring unsynthesizable construct: wait statement with no conditon [/home/jscha/nextcloud/msei/ws24/esdml/labs/lab3-multiplier/vivado-mul/vivado-mul.srcs/sources_1/new/tb_multiplier.vhd:40]
WARNING: [Synth 8-312] ignoring unsynthesizable construct: wait statement with no conditon [/home/jscha/nextcloud/msei/ws24/esdml/labs/lab3-multiplier/vivado-mul/vivado-mul.srcs/sources_1/new/tb_multiplier.vhd:40]
WARNING: [Synth 8-312] ignoring unsynthesizable construct: wait statement with no conditon [/home/jscha/nextcloud/msei/ws24/esdml/labs/lab3-multiplier/vivado-mul/vivado-mul.srcs/sources_1/new/tb_multiplier.vhd:40]
WARNING: [Synth 8-312] ignoring unsynthesizable construct: wait statement with no conditon [/home/jscha/nextcloud/msei/ws24/esdml/labs/lab3-multiplier/vivado-mul/vivado-mul.srcs/sources_1/new/tb_multiplier.vhd:40]
WARNING: [Synth 8-312] ignoring unsynthesizable construct: wait statement with no conditon [/home/jscha/nextcloud/msei/ws24/esdml/labs/lab3-multiplier/vivado-mul/vivado-mul.srcs/sources_1/new/tb_multiplier.vhd:40]
WARNING: [Synth 8-312] ignoring unsynthesizable construct: wait statement with no conditon [/home/jscha/nextcloud/msei/ws24/esdml/labs/lab3-multiplier/vivado-mul/vivado-mul.srcs/sources_1/new/tb_multiplier.vhd:40]
WARNING: [Synth 8-312] ignoring unsynthesizable construct: wait statement with no conditon [/home/jscha/nextcloud/msei/ws24/esdml/labs/lab3-multiplier/vivado-mul/vivado-mul.srcs/sources_1/new/tb_multiplier.vhd:40]
WARNING: [Synth 8-312] ignoring unsynthesizable construct: wait statement with no conditon [/home/jscha/nextcloud/msei/ws24/esdml/labs/lab3-multiplier/vivado-mul/vivado-mul.srcs/sources_1/new/tb_multiplier.vhd:40]
WARNING: [Synth 8-312] ignoring unsynthesizable construct: wait statement with no conditon [/home/jscha/nextcloud/msei/ws24/esdml/labs/lab3-multiplier/vivado-mul/vivado-mul.srcs/sources_1/new/tb_multiplier.vhd:40]
WARNING: [Synth 8-312] ignoring unsynthesizable construct: wait statement with no conditon [/home/jscha/nextcloud/msei/ws24/esdml/labs/lab3-multiplier/vivado-mul/vivado-mul.srcs/sources_1/new/tb_multiplier.vhd:40]
WARNING: [Synth 8-312] ignoring unsynthesizable construct: wait statement with no conditon [/home/jscha/nextcloud/msei/ws24/esdml/labs/lab3-multiplier/vivado-mul/vivado-mul.srcs/sources_1/new/tb_multiplier.vhd:40]
WARNING: [Synth 8-312] ignoring unsynthesizable construct: wait statement with no conditon [/home/jscha/nextcloud/msei/ws24/esdml/labs/lab3-multiplier/vivado-mul/vivado-mul.srcs/sources_1/new/tb_multiplier.vhd:40]
WARNING: [Synth 8-312] ignoring unsynthesizable construct: wait statement with no conditon [/home/jscha/nextcloud/msei/ws24/esdml/labs/lab3-multiplier/vivado-mul/vivado-mul.srcs/sources_1/new/tb_multiplier.vhd:40]
WARNING: [Synth 8-312] ignoring unsynthesizable construct: wait statement with no conditon [/home/jscha/nextcloud/msei/ws24/esdml/labs/lab3-multiplier/vivado-mul/vivado-mul.srcs/sources_1/new/tb_multiplier.vhd:40]
WARNING: [Synth 8-312] ignoring unsynthesizable construct: wait statement with no conditon [/home/jscha/nextcloud/msei/ws24/esdml/labs/lab3-multiplier/vivado-mul/vivado-mul.srcs/sources_1/new/tb_multiplier.vhd:40]
WARNING: [Synth 8-312] ignoring unsynthesizable construct: wait statement with no conditon [/home/jscha/nextcloud/msei/ws24/esdml/labs/lab3-multiplier/vivado-mul/vivado-mul.srcs/sources_1/new/tb_multiplier.vhd:40]
WARNING: [Synth 8-312] ignoring unsynthesizable construct: wait statement with no conditon [/home/jscha/nextcloud/msei/ws24/esdml/labs/lab3-multiplier/vivado-mul/vivado-mul.srcs/sources_1/new/tb_multiplier.vhd:40]
WARNING: [Synth 8-312] ignoring unsynthesizable construct: wait statement with no conditon [/home/jscha/nextcloud/msei/ws24/esdml/labs/lab3-multiplier/vivado-mul/vivado-mul.srcs/sources_1/new/tb_multiplier.vhd:40]
WARNING: [Synth 8-312] ignoring unsynthesizable construct: wait statement with no conditon [/home/jscha/nextcloud/msei/ws24/esdml/labs/lab3-multiplier/vivado-mul/vivado-mul.srcs/sources_1/new/tb_multiplier.vhd:40]
WARNING: [Synth 8-312] ignoring unsynthesizable construct: wait statement with no conditon [/home/jscha/nextcloud/msei/ws24/esdml/labs/lab3-multiplier/vivado-mul/vivado-mul.srcs/sources_1/new/tb_multiplier.vhd:40]
WARNING: [Synth 8-312] ignoring unsynthesizable construct: wait statement with no conditon [/home/jscha/nextcloud/msei/ws24/esdml/labs/lab3-multiplier/vivado-mul/vivado-mul.srcs/sources_1/new/tb_multiplier.vhd:40]
WARNING: [Synth 8-312] ignoring unsynthesizable construct: wait statement with no conditon [/home/jscha/nextcloud/msei/ws24/esdml/labs/lab3-multiplier/vivado-mul/vivado-mul.srcs/sources_1/new/tb_multiplier.vhd:40]
WARNING: [Synth 8-312] ignoring unsynthesizable construct: wait statement with no conditon [/home/jscha/nextcloud/msei/ws24/esdml/labs/lab3-multiplier/vivado-mul/vivado-mul.srcs/sources_1/new/tb_multiplier.vhd:40]
WARNING: [Synth 8-312] ignoring unsynthesizable construct: wait statement with no conditon [/home/jscha/nextcloud/msei/ws24/esdml/labs/lab3-multiplier/vivado-mul/vivado-mul.srcs/sources_1/new/tb_multiplier.vhd:40]
WARNING: [Synth 8-312] ignoring unsynthesizable construct: wait statement with no conditon [/home/jscha/nextcloud/msei/ws24/esdml/labs/lab3-multiplier/vivado-mul/vivado-mul.srcs/sources_1/new/tb_multiplier.vhd:40]
WARNING: [Synth 8-312] ignoring unsynthesizable construct: wait statement with no conditon [/home/jscha/nextcloud/msei/ws24/esdml/labs/lab3-multiplier/vivado-mul/vivado-mul.srcs/sources_1/new/tb_multiplier.vhd:40]
WARNING: [Synth 8-312] ignoring unsynthesizable construct: wait statement with no conditon [/home/jscha/nextcloud/msei/ws24/esdml/labs/lab3-multiplier/vivado-mul/vivado-mul.srcs/sources_1/new/tb_multiplier.vhd:40]
WARNING: [Synth 8-312] ignoring unsynthesizable construct: wait statement with no conditon [/home/jscha/nextcloud/msei/ws24/esdml/labs/lab3-multiplier/vivado-mul/vivado-mul.srcs/sources_1/new/tb_multiplier.vhd:40]
WARNING: [Synth 8-312] ignoring unsynthesizable construct: wait statement with no conditon [/home/jscha/nextcloud/msei/ws24/esdml/labs/lab3-multiplier/vivado-mul/vivado-mul.srcs/sources_1/new/tb_multiplier.vhd:40]
WARNING: [Synth 8-312] ignoring unsynthesizable construct: wait statement with no conditon [/home/jscha/nextcloud/msei/ws24/esdml/labs/lab3-multiplier/vivado-mul/vivado-mul.srcs/sources_1/new/tb_multiplier.vhd:40]
WARNING: [Synth 8-312] ignoring unsynthesizable construct: wait statement with no conditon [/home/jscha/nextcloud/msei/ws24/esdml/labs/lab3-multiplier/vivado-mul/vivado-mul.srcs/sources_1/new/tb_multiplier.vhd:40]
WARNING: [Synth 8-312] ignoring unsynthesizable construct: wait statement with no conditon [/home/jscha/nextcloud/msei/ws24/esdml/labs/lab3-multiplier/vivado-mul/vivado-mul.srcs/sources_1/new/tb_multiplier.vhd:40]
WARNING: [Synth 8-312] ignoring unsynthesizable construct: wait statement with no conditon [/home/jscha/nextcloud/msei/ws24/esdml/labs/lab3-multiplier/vivado-mul/vivado-mul.srcs/sources_1/new/tb_multiplier.vhd:40]
WARNING: [Synth 8-312] ignoring unsynthesizable construct: wait statement with no conditon [/home/jscha/nextcloud/msei/ws24/esdml/labs/lab3-multiplier/vivado-mul/vivado-mul.srcs/sources_1/new/tb_multiplier.vhd:40]
WARNING: [Synth 8-312] ignoring unsynthesizable construct: wait statement with no conditon [/home/jscha/nextcloud/msei/ws24/esdml/labs/lab3-multiplier/vivado-mul/vivado-mul.srcs/sources_1/new/tb_multiplier.vhd:40]
WARNING: [Synth 8-312] ignoring unsynthesizable construct: wait statement with no conditon [/home/jscha/nextcloud/msei/ws24/esdml/labs/lab3-multiplier/vivado-mul/vivado-mul.srcs/sources_1/new/tb_multiplier.vhd:40]
WARNING: [Synth 8-312] ignoring unsynthesizable construct: wait statement with no conditon [/home/jscha/nextcloud/msei/ws24/esdml/labs/lab3-multiplier/vivado-mul/vivado-mul.srcs/sources_1/new/tb_multiplier.vhd:40]
WARNING: [Synth 8-312] ignoring unsynthesizable construct: wait statement with no conditon [/home/jscha/nextcloud/msei/ws24/esdml/labs/lab3-multiplier/vivado-mul/vivado-mul.srcs/sources_1/new/tb_multiplier.vhd:40]
WARNING: [Synth 8-312] ignoring unsynthesizable construct: wait statement with no conditon [/home/jscha/nextcloud/msei/ws24/esdml/labs/lab3-multiplier/vivado-mul/vivado-mul.srcs/sources_1/new/tb_multiplier.vhd:40]
WARNING: [Synth 8-312] ignoring unsynthesizable construct: wait statement with no conditon [/home/jscha/nextcloud/msei/ws24/esdml/labs/lab3-multiplier/vivado-mul/vivado-mul.srcs/sources_1/new/tb_multiplier.vhd:40]
WARNING: [Synth 8-312] ignoring unsynthesizable construct: wait statement with no conditon [/home/jscha/nextcloud/msei/ws24/esdml/labs/lab3-multiplier/vivado-mul/vivado-mul.srcs/sources_1/new/tb_multiplier.vhd:40]
WARNING: [Synth 8-312] ignoring unsynthesizable construct: wait statement with no conditon [/home/jscha/nextcloud/msei/ws24/esdml/labs/lab3-multiplier/vivado-mul/vivado-mul.srcs/sources_1/new/tb_multiplier.vhd:40]
WARNING: [Synth 8-312] ignoring unsynthesizable construct: wait statement with no conditon [/home/jscha/nextcloud/msei/ws24/esdml/labs/lab3-multiplier/vivado-mul/vivado-mul.srcs/sources_1/new/tb_multiplier.vhd:40]
WARNING: [Synth 8-312] ignoring unsynthesizable construct: wait statement with no conditon [/home/jscha/nextcloud/msei/ws24/esdml/labs/lab3-multiplier/vivado-mul/vivado-mul.srcs/sources_1/new/tb_multiplier.vhd:40]
WARNING: [Synth 8-312] ignoring unsynthesizable construct: wait statement with no conditon [/home/jscha/nextcloud/msei/ws24/esdml/labs/lab3-multiplier/vivado-mul/vivado-mul.srcs/sources_1/new/tb_multiplier.vhd:40]
WARNING: [Synth 8-312] ignoring unsynthesizable construct: wait statement with no conditon [/home/jscha/nextcloud/msei/ws24/esdml/labs/lab3-multiplier/vivado-mul/vivado-mul.srcs/sources_1/new/tb_multiplier.vhd:40]
WARNING: [Synth 8-312] ignoring unsynthesizable construct: wait statement with no conditon [/home/jscha/nextcloud/msei/ws24/esdml/labs/lab3-multiplier/vivado-mul/vivado-mul.srcs/sources_1/new/tb_multiplier.vhd:40]
WARNING: [Synth 8-312] ignoring unsynthesizable construct: wait statement with no conditon [/home/jscha/nextcloud/msei/ws24/esdml/labs/lab3-multiplier/vivado-mul/vivado-mul.srcs/sources_1/new/tb_multiplier.vhd:40]
WARNING: [Synth 8-312] ignoring unsynthesizable construct: wait statement with no conditon [/home/jscha/nextcloud/msei/ws24/esdml/labs/lab3-multiplier/vivado-mul/vivado-mul.srcs/sources_1/new/tb_multiplier.vhd:40]
WARNING: [Synth 8-312] ignoring unsynthesizable construct: wait statement with no conditon [/home/jscha/nextcloud/msei/ws24/esdml/labs/lab3-multiplier/vivado-mul/vivado-mul.srcs/sources_1/new/tb_multiplier.vhd:40]
WARNING: [Synth 8-312] ignoring unsynthesizable construct: wait statement with no conditon [/home/jscha/nextcloud/msei/ws24/esdml/labs/lab3-multiplier/vivado-mul/vivado-mul.srcs/sources_1/new/tb_multiplier.vhd:40]
WARNING: [Synth 8-312] ignoring unsynthesizable construct: wait statement with no conditon [/home/jscha/nextcloud/msei/ws24/esdml/labs/lab3-multiplier/vivado-mul/vivado-mul.srcs/sources_1/new/tb_multiplier.vhd:40]
WARNING: [Synth 8-312] ignoring unsynthesizable construct: wait statement with no conditon [/home/jscha/nextcloud/msei/ws24/esdml/labs/lab3-multiplier/vivado-mul/vivado-mul.srcs/sources_1/new/tb_multiplier.vhd:40]
WARNING: [Synth 8-312] ignoring unsynthesizable construct: wait statement with no conditon [/home/jscha/nextcloud/msei/ws24/esdml/labs/lab3-multiplier/vivado-mul/vivado-mul.srcs/sources_1/new/tb_multiplier.vhd:40]
INFO: [Common 17-14] Message 'Synth 8-312' appears 100 times and further instances of the messages will be disabled. Use the Tcl command set_msg_config to change the current settings.
INFO: [Synth 8-256] done synthesizing module 'tb_multiplier' (0#1) [/home/jscha/nextcloud/msei/ws24/esdml/labs/lab3-multiplier/vivado-mul/vivado-mul.srcs/sources_1/new/tb_multiplier.vhd:10]
WARNING: [Synth 8-7129] Port s in module multiplier_behavioral is either unconnected or has no load
WARNING: [Synth 8-7129] Port v in module multiplier_behavioral is either unconnected or has no load
WARNING: [Synth 8-7129] Port s in module multiplier_dataflow is either unconnected or has no load
WARNING: [Synth 8-7129] Port v in module multiplier_dataflow is either unconnected or has no load
---------------------------------------------------------------------------------
Finished Synthesize : Time (s): cpu = 00:00:05 ; elapsed = 00:00:05 . Memory (MB): peak = 1934.461 ; gain = 508.746 ; free physical = 624 ; free virtual = 16172
---------------------------------------------------------------------------------
---------------------------------------------------------------------------------
Finished Constraint Validation : Time (s): cpu = 00:00:05 ; elapsed = 00:00:05 . Memory (MB): peak = 1946.336 ; gain = 520.621 ; free physical = 630 ; free virtual = 16178
---------------------------------------------------------------------------------
---------------------------------------------------------------------------------
Start Loading Part and Timing Information
---------------------------------------------------------------------------------
Loading part: xc7k70tfbv676-1
INFO: [Device 21-403] Loading part xc7k70tfbv676-1
---------------------------------------------------------------------------------
Finished Loading Part and Timing Information : Time (s): cpu = 00:00:05 ; elapsed = 00:00:05 . Memory (MB): peak = 1954.340 ; gain = 528.625 ; free physical = 630 ; free virtual = 16178
---------------------------------------------------------------------------------
---------------------------------------------------------------------------------
Finished RTL Optimization Phase 2 : Time (s): cpu = 00:00:05 ; elapsed = 00:00:06 . Memory (MB): peak = 1963.246 ; gain = 537.531 ; free physical = 625 ; free virtual = 16173
---------------------------------------------------------------------------------
No constraint files found.
---------------------------------------------------------------------------------
Start RTL Component Statistics 
---------------------------------------------------------------------------------
Detailed RTL Component Info : 
+---XORs : 
	   2 Input      1 Bit         XORs := 248   
---------------------------------------------------------------------------------
Finished RTL Component Statistics 
---------------------------------------------------------------------------------
---------------------------------------------------------------------------------
Start Part Resource Summary
---------------------------------------------------------------------------------
INFO: [Device 21-9227] Part: xc7k70tfbv676-1 does not have CEAM library.
Part Resources:
DSPs: 240 (col length:80)
BRAMs: 270 (col length: RAMB18 80 RAMB36 40)
---------------------------------------------------------------------------------
Finished Part Resource Summary
---------------------------------------------------------------------------------
No constraint files found.
---------------------------------------------------------------------------------
Start Cross Boundary and Area Optimization
---------------------------------------------------------------------------------
WARNING: [Synth 8-7080] Parallel synthesis criteria is not met
---------------------------------------------------------------------------------
Finished Cross Boundary and Area Optimization : Time (s): cpu = 00:00:08 ; elapsed = 00:00:08 . Memory (MB): peak = 2043.684 ; gain = 617.969 ; free physical = 574 ; free virtual = 16126
---------------------------------------------------------------------------------
No constraint files found.
---------------------------------------------------------------------------------
Start Timing Optimization
---------------------------------------------------------------------------------
---------------------------------------------------------------------------------
Finished Timing Optimization : Time (s): cpu = 00:00:08 ; elapsed = 00:00:09 . Memory (MB): peak = 2043.684 ; gain = 617.969 ; free physical = 570 ; free virtual = 16121
---------------------------------------------------------------------------------
---------------------------------------------------------------------------------
Start Technology Mapping
---------------------------------------------------------------------------------
---------------------------------------------------------------------------------
Finished Technology Mapping : Time (s): cpu = 00:00:08 ; elapsed = 00:00:09 . Memory (MB): peak = 2043.684 ; gain = 617.969 ; free physical = 564 ; free virtual = 16115
---------------------------------------------------------------------------------
---------------------------------------------------------------------------------
Start IO Insertion
---------------------------------------------------------------------------------
---------------------------------------------------------------------------------
Start Flattening Before IO Insertion
---------------------------------------------------------------------------------
---------------------------------------------------------------------------------
Finished Flattening Before IO Insertion
---------------------------------------------------------------------------------
---------------------------------------------------------------------------------
Start Final Netlist Cleanup
---------------------------------------------------------------------------------
---------------------------------------------------------------------------------
Finished Final Netlist Cleanup
---------------------------------------------------------------------------------
---------------------------------------------------------------------------------
Finished IO Insertion : Time (s): cpu = 00:00:11 ; elapsed = 00:00:11 . Memory (MB): peak = 2043.684 ; gain = 617.969 ; free physical = 569 ; free virtual = 16120
---------------------------------------------------------------------------------
---------------------------------------------------------------------------------
Start Renaming Generated Instances
---------------------------------------------------------------------------------
---------------------------------------------------------------------------------
Finished Renaming Generated Instances : Time (s): cpu = 00:00:11 ; elapsed = 00:00:11 . Memory (MB): peak = 2043.684 ; gain = 617.969 ; free physical = 569 ; free virtual = 16120
---------------------------------------------------------------------------------
---------------------------------------------------------------------------------
Start Rebuilding User Hierarchy
---------------------------------------------------------------------------------
---------------------------------------------------------------------------------
Finished Rebuilding User Hierarchy : Time (s): cpu = 00:00:11 ; elapsed = 00:00:11 . Memory (MB): peak = 2043.684 ; gain = 617.969 ; free physical = 569 ; free virtual = 16120
---------------------------------------------------------------------------------
---------------------------------------------------------------------------------
Start Renaming Generated Ports
---------------------------------------------------------------------------------
---------------------------------------------------------------------------------
Finished Renaming Generated Ports : Time (s): cpu = 00:00:11 ; elapsed = 00:00:11 . Memory (MB): peak = 2043.684 ; gain = 617.969 ; free physical = 569 ; free virtual = 16120
---------------------------------------------------------------------------------
---------------------------------------------------------------------------------
Start Handling Custom Attributes
---------------------------------------------------------------------------------
---------------------------------------------------------------------------------
Finished Handling Custom Attributes : Time (s): cpu = 00:00:11 ; elapsed = 00:00:11 . Memory (MB): peak = 2043.684 ; gain = 617.969 ; free physical = 569 ; free virtual = 16120
---------------------------------------------------------------------------------
---------------------------------------------------------------------------------
Start Renaming Generated Nets
---------------------------------------------------------------------------------
---------------------------------------------------------------------------------
Finished Renaming Generated Nets : Time (s): cpu = 00:00:11 ; elapsed = 00:00:11 . Memory (MB): peak = 2043.684 ; gain = 617.969 ; free physical = 569 ; free virtual = 16120
---------------------------------------------------------------------------------
---------------------------------------------------------------------------------
Start Writing Synthesis Report
---------------------------------------------------------------------------------

Report BlackBoxes: 
+-+--------------+----------+
| |BlackBox name |Instances |
+-+--------------+----------+
+-+--------------+----------+

Report Cell Usage: 
+-+-----+------+
| |Cell |Count |
+-+-----+------+
+-+-----+------+

Report Instance Areas: 
+------+---------+-------+------+
|      |Instance |Module |Cells |
+------+---------+-------+------+
|1     |top      |       |     0|
+------+---------+-------+------+
---------------------------------------------------------------------------------
Finished Writing Synthesis Report : Time (s): cpu = 00:00:11 ; elapsed = 00:00:11 . Memory (MB): peak = 2043.684 ; gain = 617.969 ; free physical = 569 ; free virtual = 16120
---------------------------------------------------------------------------------
Synthesis finished with 0 errors, 0 critical warnings and 65541 warnings.
Synthesis Optimization Runtime : Time (s): cpu = 00:00:11 ; elapsed = 00:00:11 . Memory (MB): peak = 2043.684 ; gain = 617.969 ; free physical = 569 ; free virtual = 16120
Synthesis Optimization Complete : Time (s): cpu = 00:00:11 ; elapsed = 00:00:11 . Memory (MB): peak = 2043.691 ; gain = 617.969 ; free physical = 569 ; free virtual = 16120
INFO: [Project 1-571] Translating synthesized netlist
Netlist sorting complete. Time (s): cpu = 00:00:00 ; elapsed = 00:00:00 . Memory (MB): peak = 2043.691 ; gain = 0.000 ; free physical = 795 ; free virtual = 16347
INFO: [Project 1-570] Preparing netlist for logic optimization
INFO: [Opt 31-138] Pushed 0 inverter(s) to 0 load pin(s).
Netlist sorting complete. Time (s): cpu = 00:00:00 ; elapsed = 00:00:00 . Memory (MB): peak = 2134.246 ; gain = 0.000 ; free physical = 780 ; free virtual = 16331
INFO: [Project 1-111] Unisim Transformation Summary:
No Unisim elements were transformed.

Synth Design complete | Checksum: daecdabc
INFO: [Common 17-83] Releasing license: Synthesis
32 Infos, 105 Warnings, 0 Critical Warnings and 0 Errors encountered.
synth_design completed successfully
synth_design: Time (s): cpu = 00:00:14 ; elapsed = 00:00:12 . Memory (MB): peak = 2134.246 ; gain = 708.531 ; free physical = 779 ; free virtual = 16330
INFO: [Common 17-2834] synth_design peak Physical Memory [PSS] (MB): overall = 1653.101; main = 1410.831; forked = 392.368
INFO: [Common 17-2834] synth_design peak Virtual Memory [VSS] (MB): overall = 3106.160; main = 2134.250; forked = 1062.473
INFO: [Common 17-1381] The checkpoint '/home/jscha/nextcloud/msei/ws24/esdml/labs/lab3-multiplier/vivado-mul/vivado-mul.runs/synth_1/tb_multiplier.dcp' has been generated.
INFO: [Vivado 12-24828] Executing command : report_utilization -file tb_multiplier_utilization_synth.rpt -pb tb_multiplier_utilization_synth.pb
INFO: [Common 17-206] Exiting Vivado at Sun Jan  5 14:36:01 2025...
